<?xml version="1.0" encoding="UTF-8"?>
<testsuite name="ar.uba.fi.tdd.rulogic.model.PokemonAcceptanceTest" time="0.017" tests="24" errors="0" skipped="0" failures="0">
  <properties>
[...]
</properties>
  <testcase name="sin_valores_deberia_lanzar_una_excepcion" classname="ar.uba.fi.tdd.rulogic.model.PokemonAcceptanceTest" time="0.007"/>
  <testcase name="entrenador_que_no_esta_en_la_bd_deberia_ser_false_2_test" classname="ar.uba.fi.tdd.rulogic.model.PokemonAcceptanceTest" time="0.002"/>
  <testcase name="entrenador_que_no_esta_en_la_bd_deberia_ser_false_3_test" classname="ar.uba.fi.tdd.rulogic.model.PokemonAcceptanceTest" time="0"/>
  <testcase name="entrenador_que_no_esta_en_la_bd_deberia_ser_false_4_test" classname="ar.uba.fi.tdd.rulogic.model.PokemonAcceptanceTest" time="0.001"/>
  <testcase name="entrenador_que_no_esta_en_la_bd_deberia_ser_false_5_test" classname="ar.uba.fi.tdd.rulogic.model.PokemonAcceptanceTest" time="0.001"/>
  <testcase name="pokemon_x_evoluciona_a_y_de_tipo_z_deberia_ser_false_test" classname="ar.uba.fi.tdd.rulogic.model.PokemonAcceptanceTest" time="0"/>
  <testcase name="entrenador_x_tiene_pokemon_y_de_tipo_z_deberia_ser_true_test" classname="ar.uba.fi.tdd.rulogic.model.PokemonAcceptanceTest" time="0"/>
  <testcase name="definicion_con_dos_valores_existe_en_db_test" classname="ar.uba.fi.tdd.rulogic.model.PokemonAcceptanceTest" time="0"/>
  <testcase name="definicion_con_muchos_espacios_extra_es_valida_test" classname="ar.uba.fi.tdd.rulogic.model.PokemonAcceptanceTest" time="0.001"/>
  <testcase name="entrenador_existe_en_db_test" classname="ar.uba.fi.tdd.rulogic.model.PokemonAcceptanceTest" time="0"/>
  <testcase name="cosas_sin_formato_deberia_lanzar_excepcion_test" classname="ar.uba.fi.tdd.rulogic.model.PokemonAcceptanceTest" time="0"/>
  <testcase name="ash_es_entrenador_mujer_deberia_ser_false_test" classname="ar.uba.fi.tdd.rulogic.model.PokemonAcceptanceTest" time="0.001"/>
  <testcase name="entrenador_que_no_esta_en_la_bd_deberia_ser_false_test" classname="ar.uba.fi.tdd.rulogic.model.PokemonAcceptanceTest" time="0"/>
  <testcase name="mayusculas_en_valores_deberia_lanzar_excepcion" classname="ar.uba.fi.tdd.rulogic.model.PokemonAcceptanceTest" time="0"/>
  <testcase name="entrenador_no_existe_en_db_test" classname="ar.uba.fi.tdd.rulogic.model.PokemonAcceptanceTest" time="0"/>
  <testcase name="misty_es_entrenador_mujer_deberia_ser_true_test" classname="ar.uba.fi.tdd.rulogic.model.PokemonAcceptanceTest" time="0.002"/>
  <testcase name="numero_en_valores_deberia_lanzar_excepcion" classname="ar.uba.fi.tdd.rulogic.model.PokemonAcceptanceTest" time="0"/>
  <testcase name="pokemon_x_evoluciona_a_y_de_tipo_z_deberia_ser_true_test" classname="ar.uba.fi.tdd.rulogic.model.PokemonAcceptanceTest" time="0"/>
  <testcase name="los_dos_pokemones_son_del_tipo_z_deberia_ser_true_test" classname="ar.uba.fi.tdd.rulogic.model.PokemonAcceptanceTest" time="0.001"/>
  <testcase name="mayusculas_en_nombre_deberia_lanzar_excepcion" classname="ar.uba.fi.tdd.rulogic.model.PokemonAcceptanceTest" time="0"/>
  <testcase name="sin_muchos_valores_deberia_lanzar_una_excepcion" classname="ar.uba.fi.tdd.rulogic.model.PokemonAcceptanceTest" time="0"/>
  <testcase name="numeros_en_nombre_deberia_lanzar_excepcion" classname="ar.uba.fi.tdd.rulogic.model.PokemonAcceptanceTest" time="0.001"/>
  <testcase name="pokemon_x_de_tipo_y_es_fuerte_contra_tipo_z_deberia_ser_false_test" classname="ar.uba.fi.tdd.rulogic.model.PokemonAcceptanceTest" time="0"/>
  <testcase name="los_dos_pokemones_son_del_tipo_z_con_muchos_espacios_redundantes_deberia_ser_true_test" classname="ar.uba.fi.tdd.rulogic.model.PokemonAcceptanceTest" time="0"/>
</testsuite>